c:\users\e12882\documents\codes\library\library\library\debug\library.pch
c:\users\e12882\documents\codes\library\library\library\debug\vc141.pdb
c:\users\e12882\documents\codes\library\library\library\debug\vc141.idb
c:\users\e12882\documents\codes\library\library\library\debug\stdafx.obj
c:\users\e12882\documents\codes\library\library\library\debug\book.obj
c:\users\e12882\documents\codes\library\library\library\debug\library.obj
c:\users\e12882\documents\codes\library\library\library\debug\shelf.obj
c:\users\e12882\documents\codes\library\library\library\debug\library.res
c:\users\e12882\documents\codes\library\library\debug\library.pdb
c:\users\e12882\documents\codes\library\library\library\debug\library.tlog\cl.command.1.tlog
c:\users\e12882\documents\codes\library\library\library\debug\library.tlog\cl.read.1.tlog
c:\users\e12882\documents\codes\library\library\library\debug\library.tlog\cl.write.1.tlog
c:\users\e12882\documents\codes\library\library\library\debug\library.tlog\link-cvtres.read.1.tlog
c:\users\e12882\documents\codes\library\library\library\debug\library.tlog\link-cvtres.write.1.tlog
c:\users\e12882\documents\codes\library\library\library\debug\library.tlog\link-rc.read.1.tlog
c:\users\e12882\documents\codes\library\library\library\debug\library.tlog\link-rc.write.1.tlog
c:\users\e12882\documents\codes\library\library\library\debug\library.tlog\link.command.1.tlog
c:\users\e12882\documents\codes\library\library\library\debug\library.tlog\link.read.1.tlog
c:\users\e12882\documents\codes\library\library\library\debug\library.tlog\link.write.1.tlog
c:\users\e12882\documents\codes\library\library\library\debug\library.tlog\rc.command.1.tlog
c:\users\e12882\documents\codes\library\library\library\debug\library.tlog\rc.read.1.tlog
c:\users\e12882\documents\codes\library\library\library\debug\library.tlog\rc.write.1.tlog
